Start testing: Nov 30 16:56 PST
----------------------------------------------------------
1/1 Testing: FeatureTests
1/1 Test: FeatureTests
Command: "/Users/averywilliams/CLionProjects/final-repo-local/build/test_feature"
Directory: /Users/averywilliams/CLionProjects/final-repo-local/build
"FeatureTests" start time: Nov 30 16:56 PST
Output:
----------------------------------------------------------

=== Running Riddle Feature Tests ===

All tests PASSED!
<end of output>
Test time =   0.20 sec
----------------------------------------------------------
Test Passed.
"FeatureTests" end time: Nov 30 16:56 PST
"FeatureTests" time elapsed: 00:00:00
----------------------------------------------------------

End testing: Nov 30 16:56 PST
